<?xml version="1.0" encoding="UTF-8"?>
<testsuite xmlns:xsi="http://www.w3.org/2001/XMLSchema-instance" xsi:noNamespaceSchemaLocation="https://maven.apache.org/surefire/maven-surefire-plugin/xsd/surefire-test-report-3.0.xsd" version="3.0" name="stepDefs.TestRunner" time="64.511" tests="4" errors="0" skipped="0" failures="0">
  <properties>
    <property name="gopherProxySet" value="false"/>
    <property name="awt.toolkit" value="sun.lwawt.macosx.LWCToolkit"/>
    <property name="file.encoding.pkg" value="sun.io"/>
    <property name="java.specification.version" value="1.8"/>
    <property name="sun.cpu.isalist" value=""/>
    <property name="sun.jnu.encoding" value="UTF-8"/>
    <property name="java.class.path" value="/Users/palashpatidar/eclipse-workspace/Phase2Project/target/test-classes:/Users/palashpatidar/eclipse-workspace/Phase2Project/target/classes:/Users/palashpatidar/.m2/repository/io/cucumber/cucumber-java/5.6.0/cucumber-java-5.6.0.jar:/Users/palashpatidar/.m2/repository/io/cucumber/cucumber-core/5.6.0/cucumber-core-5.6.0.jar:/Users/palashpatidar/.m2/repository/io/cucumber/cucumber-gherkin/5.6.0/cucumber-gherkin-5.6.0.jar:/Users/palashpatidar/.m2/repository/io/cucumber/cucumber-gherkin-vintage/5.6.0/cucumber-gherkin-vintage-5.6.0.jar:/Users/palashpatidar/.m2/repository/io/cucumber/tag-expressions/2.0.4/tag-expressions-2.0.4.jar:/Users/palashpatidar/.m2/repository/io/cucumber/cucumber-expressions/8.3.1/cucumber-expressions-8.3.1.jar:/Users/palashpatidar/.m2/repository/io/cucumber/datatable/3.3.1/datatable-3.3.1.jar:/Users/palashpatidar/.m2/repository/io/cucumber/cucumber-plugin/5.6.0/cucumber-plugin-5.6.0.jar:/Users/palashpatidar/.m2/repository/io/cucumber/docstring/5.6.0/docstring-5.6.0.jar:/Users/palashpatidar/.m2/repository/org/apiguardian/apiguardian-api/1.1.0/apiguardian-api-1.1.0.jar:/Users/palashpatidar/.m2/repository/io/cucumber/cucumber-junit/5.6.0/cucumber-junit-5.6.0.jar:/Users/palashpatidar/.m2/repository/junit/junit/4.13/junit-4.13.jar:/Users/palashpatidar/.m2/repository/org/hamcrest/hamcrest-core/1.3/hamcrest-core-1.3.jar:/Users/palashpatidar/.m2/repository/org/seleniumhq/selenium/selenium-java/3.141.59/selenium-java-3.141.59.jar:/Users/palashpatidar/.m2/repository/org/seleniumhq/selenium/selenium-api/3.141.59/selenium-api-3.141.59.jar:/Users/palashpatidar/.m2/repository/org/seleniumhq/selenium/selenium-chrome-driver/3.141.59/selenium-chrome-driver-3.141.59.jar:/Users/palashpatidar/.m2/repository/org/seleniumhq/selenium/selenium-edge-driver/3.141.59/selenium-edge-driver-3.141.59.jar:/Users/palashpatidar/.m2/repository/org/seleniumhq/selenium/selenium-firefox-driver/3.141.59/selenium-firefox-driver-3.141.59.jar:/Users/palashpatidar/.m2/repository/org/seleniumhq/selenium/selenium-ie-driver/3.141.59/selenium-ie-driver-3.141.59.jar:/Users/palashpatidar/.m2/repository/org/seleniumhq/selenium/selenium-opera-driver/3.141.59/selenium-opera-driver-3.141.59.jar:/Users/palashpatidar/.m2/repository/org/seleniumhq/selenium/selenium-remote-driver/3.141.59/selenium-remote-driver-3.141.59.jar:/Users/palashpatidar/.m2/repository/org/seleniumhq/selenium/selenium-safari-driver/3.141.59/selenium-safari-driver-3.141.59.jar:/Users/palashpatidar/.m2/repository/org/seleniumhq/selenium/selenium-support/3.141.59/selenium-support-3.141.59.jar:/Users/palashpatidar/.m2/repository/net/bytebuddy/byte-buddy/1.8.15/byte-buddy-1.8.15.jar:/Users/palashpatidar/.m2/repository/org/apache/commons/commons-exec/1.3/commons-exec-1.3.jar:/Users/palashpatidar/.m2/repository/com/google/guava/guava/25.0-jre/guava-25.0-jre.jar:/Users/palashpatidar/.m2/repository/com/google/code/findbugs/jsr305/1.3.9/jsr305-1.3.9.jar:/Users/palashpatidar/.m2/repository/org/checkerframework/checker-compat-qual/2.0.0/checker-compat-qual-2.0.0.jar:/Users/palashpatidar/.m2/repository/com/google/errorprone/error_prone_annotations/2.1.3/error_prone_annotations-2.1.3.jar:/Users/palashpatidar/.m2/repository/com/google/j2objc/j2objc-annotations/1.1/j2objc-annotations-1.1.jar:/Users/palashpatidar/.m2/repository/org/codehaus/mojo/animal-sniffer-annotations/1.14/animal-sniffer-annotations-1.14.jar:/Users/palashpatidar/.m2/repository/com/squareup/okhttp3/okhttp/3.11.0/okhttp-3.11.0.jar:/Users/palashpatidar/.m2/repository/com/squareup/okio/okio/1.14.0/okio-1.14.0.jar:/Users/palashpatidar/.m2/repository/io/github/bonigarcia/webdrivermanager/3.8.1/webdrivermanager-3.8.1.jar:/Users/palashpatidar/.m2/repository/org/slf4j/slf4j-api/1.7.25/slf4j-api-1.7.25.jar:/Users/palashpatidar/.m2/repository/commons-io/commons-io/2.6/commons-io-2.6.jar:/Users/palashpatidar/.m2/repository/com/google/code/gson/gson/2.8.5/gson-2.8.5.jar:/Users/palashpatidar/.m2/repository/org/apache/commons/commons-lang3/3.8.1/commons-lang3-3.8.1.jar:/Users/palashpatidar/.m2/repository/org/apache/httpcomponents/httpclient/4.5.6/httpclient-4.5.6.jar:/Users/palashpatidar/.m2/repository/org/apache/httpcomponents/httpcore/4.4.10/httpcore-4.4.10.jar:/Users/palashpatidar/.m2/repository/commons-logging/commons-logging/1.2/commons-logging-1.2.jar:/Users/palashpatidar/.m2/repository/commons-codec/commons-codec/1.10/commons-codec-1.10.jar:/Users/palashpatidar/.m2/repository/org/rauschig/jarchivelib/1.0.0/jarchivelib-1.0.0.jar:/Users/palashpatidar/.m2/repository/org/apache/commons/commons-compress/1.18/commons-compress-1.18.jar:/Users/palashpatidar/.m2/repository/org/jsoup/jsoup/1.11.3/jsoup-1.11.3.jar:"/>
    <property name="java.vm.vendor" value="Oracle Corporation"/>
    <property name="sun.arch.data.model" value="64"/>
    <property name="java.vendor.url" value="http://java.oracle.com/"/>
    <property name="user.timezone" value=""/>
    <property name="java.vm.specification.version" value="1.8"/>
    <property name="os.name" value="Mac OS X"/>
    <property name="user.country" value="IN"/>
    <property name="sun.java.launcher" value="SUN_STANDARD"/>
    <property name="sun.boot.library.path" value="/Library/Java/JavaVirtualMachines/jdk1.8.0_202.jdk/Contents/Home/jre/lib"/>
    <property name="sun.java.command" value="/Users/palashpatidar/eclipse-workspace/Phase2Project/target/surefire/surefirebooter-20230529171029331_3.jar /Users/palashpatidar/eclipse-workspace/Phase2Project/target/surefire 2023-05-29T17-10-28_939-jvmRun1 surefire-20230529171029331_1tmp surefire_0-20230529171029331_2tmp"/>
    <property name="http.nonProxyHosts" value="local|*.local|169.254/16|*.169.254/16"/>
    <property name="surefire.test.class.path" value="/Users/palashpatidar/eclipse-workspace/Phase2Project/target/test-classes:/Users/palashpatidar/eclipse-workspace/Phase2Project/target/classes:/Users/palashpatidar/.m2/repository/io/cucumber/cucumber-java/5.6.0/cucumber-java-5.6.0.jar:/Users/palashpatidar/.m2/repository/io/cucumber/cucumber-core/5.6.0/cucumber-core-5.6.0.jar:/Users/palashpatidar/.m2/repository/io/cucumber/cucumber-gherkin/5.6.0/cucumber-gherkin-5.6.0.jar:/Users/palashpatidar/.m2/repository/io/cucumber/cucumber-gherkin-vintage/5.6.0/cucumber-gherkin-vintage-5.6.0.jar:/Users/palashpatidar/.m2/repository/io/cucumber/tag-expressions/2.0.4/tag-expressions-2.0.4.jar:/Users/palashpatidar/.m2/repository/io/cucumber/cucumber-expressions/8.3.1/cucumber-expressions-8.3.1.jar:/Users/palashpatidar/.m2/repository/io/cucumber/datatable/3.3.1/datatable-3.3.1.jar:/Users/palashpatidar/.m2/repository/io/cucumber/cucumber-plugin/5.6.0/cucumber-plugin-5.6.0.jar:/Users/palashpatidar/.m2/repository/io/cucumber/docstring/5.6.0/docstring-5.6.0.jar:/Users/palashpatidar/.m2/repository/org/apiguardian/apiguardian-api/1.1.0/apiguardian-api-1.1.0.jar:/Users/palashpatidar/.m2/repository/io/cucumber/cucumber-junit/5.6.0/cucumber-junit-5.6.0.jar:/Users/palashpatidar/.m2/repository/junit/junit/4.13/junit-4.13.jar:/Users/palashpatidar/.m2/repository/org/hamcrest/hamcrest-core/1.3/hamcrest-core-1.3.jar:/Users/palashpatidar/.m2/repository/org/seleniumhq/selenium/selenium-java/3.141.59/selenium-java-3.141.59.jar:/Users/palashpatidar/.m2/repository/org/seleniumhq/selenium/selenium-api/3.141.59/selenium-api-3.141.59.jar:/Users/palashpatidar/.m2/repository/org/seleniumhq/selenium/selenium-chrome-driver/3.141.59/selenium-chrome-driver-3.141.59.jar:/Users/palashpatidar/.m2/repository/org/seleniumhq/selenium/selenium-edge-driver/3.141.59/selenium-edge-driver-3.141.59.jar:/Users/palashpatidar/.m2/repository/org/seleniumhq/selenium/selenium-firefox-driver/3.141.59/selenium-firefox-driver-3.141.59.jar:/Users/palashpatidar/.m2/repository/org/seleniumhq/selenium/selenium-ie-driver/3.141.59/selenium-ie-driver-3.141.59.jar:/Users/palashpatidar/.m2/repository/org/seleniumhq/selenium/selenium-opera-driver/3.141.59/selenium-opera-driver-3.141.59.jar:/Users/palashpatidar/.m2/repository/org/seleniumhq/selenium/selenium-remote-driver/3.141.59/selenium-remote-driver-3.141.59.jar:/Users/palashpatidar/.m2/repository/org/seleniumhq/selenium/selenium-safari-driver/3.141.59/selenium-safari-driver-3.141.59.jar:/Users/palashpatidar/.m2/repository/org/seleniumhq/selenium/selenium-support/3.141.59/selenium-support-3.141.59.jar:/Users/palashpatidar/.m2/repository/net/bytebuddy/byte-buddy/1.8.15/byte-buddy-1.8.15.jar:/Users/palashpatidar/.m2/repository/org/apache/commons/commons-exec/1.3/commons-exec-1.3.jar:/Users/palashpatidar/.m2/repository/com/google/guava/guava/25.0-jre/guava-25.0-jre.jar:/Users/palashpatidar/.m2/repository/com/google/code/findbugs/jsr305/1.3.9/jsr305-1.3.9.jar:/Users/palashpatidar/.m2/repository/org/checkerframework/checker-compat-qual/2.0.0/checker-compat-qual-2.0.0.jar:/Users/palashpatidar/.m2/repository/com/google/errorprone/error_prone_annotations/2.1.3/error_prone_annotations-2.1.3.jar:/Users/palashpatidar/.m2/repository/com/google/j2objc/j2objc-annotations/1.1/j2objc-annotations-1.1.jar:/Users/palashpatidar/.m2/repository/org/codehaus/mojo/animal-sniffer-annotations/1.14/animal-sniffer-annotations-1.14.jar:/Users/palashpatidar/.m2/repository/com/squareup/okhttp3/okhttp/3.11.0/okhttp-3.11.0.jar:/Users/palashpatidar/.m2/repository/com/squareup/okio/okio/1.14.0/okio-1.14.0.jar:/Users/palashpatidar/.m2/repository/io/github/bonigarcia/webdrivermanager/3.8.1/webdrivermanager-3.8.1.jar:/Users/palashpatidar/.m2/repository/org/slf4j/slf4j-api/1.7.25/slf4j-api-1.7.25.jar:/Users/palashpatidar/.m2/repository/commons-io/commons-io/2.6/commons-io-2.6.jar:/Users/palashpatidar/.m2/repository/com/google/code/gson/gson/2.8.5/gson-2.8.5.jar:/Users/palashpatidar/.m2/repository/org/apache/commons/commons-lang3/3.8.1/commons-lang3-3.8.1.jar:/Users/palashpatidar/.m2/repository/org/apache/httpcomponents/httpclient/4.5.6/httpclient-4.5.6.jar:/Users/palashpatidar/.m2/repository/org/apache/httpcomponents/httpcore/4.4.10/httpcore-4.4.10.jar:/Users/palashpatidar/.m2/repository/commons-logging/commons-logging/1.2/commons-logging-1.2.jar:/Users/palashpatidar/.m2/repository/commons-codec/commons-codec/1.10/commons-codec-1.10.jar:/Users/palashpatidar/.m2/repository/org/rauschig/jarchivelib/1.0.0/jarchivelib-1.0.0.jar:/Users/palashpatidar/.m2/repository/org/apache/commons/commons-compress/1.18/commons-compress-1.18.jar:/Users/palashpatidar/.m2/repository/org/jsoup/jsoup/1.11.3/jsoup-1.11.3.jar:"/>
    <property name="sun.cpu.endian" value="little"/>
    <property name="user.home" value="/Users/palashpatidar"/>
    <property name="user.language" value="en"/>
    <property name="java.specification.vendor" value="Oracle Corporation"/>
    <property name="java.home" value="/Library/Java/JavaVirtualMachines/jdk1.8.0_202.jdk/Contents/Home/jre"/>
    <property name="basedir" value="/Users/palashpatidar/eclipse-workspace/Phase2Project"/>
    <property name="file.separator" value="/"/>
    <property name="line.separator" value="&#10;"/>
    <property name="java.vm.specification.vendor" value="Oracle Corporation"/>
    <property name="java.specification.name" value="Java Platform API Specification"/>
    <property name="java.awt.graphicsenv" value="sun.awt.CGraphicsEnvironment"/>
    <property name="surefire.real.class.path" value="/Users/palashpatidar/eclipse-workspace/Phase2Project/target/surefire/surefirebooter-20230529171029331_3.jar"/>
    <property name="sun.boot.class.path" value="/Library/Java/JavaVirtualMachines/jdk1.8.0_202.jdk/Contents/Home/jre/lib/resources.jar:/Library/Java/JavaVirtualMachines/jdk1.8.0_202.jdk/Contents/Home/jre/lib/rt.jar:/Library/Java/JavaVirtualMachines/jdk1.8.0_202.jdk/Contents/Home/jre/lib/sunrsasign.jar:/Library/Java/JavaVirtualMachines/jdk1.8.0_202.jdk/Contents/Home/jre/lib/jsse.jar:/Library/Java/JavaVirtualMachines/jdk1.8.0_202.jdk/Contents/Home/jre/lib/jce.jar:/Library/Java/JavaVirtualMachines/jdk1.8.0_202.jdk/Contents/Home/jre/lib/charsets.jar:/Library/Java/JavaVirtualMachines/jdk1.8.0_202.jdk/Contents/Home/jre/lib/jfr.jar:/Library/Java/JavaVirtualMachines/jdk1.8.0_202.jdk/Contents/Home/jre/classes"/>
    <property name="sun.management.compiler" value="HotSpot 64-Bit Tiered Compilers"/>
    <property name="ftp.nonProxyHosts" value="local|*.local|169.254/16|*.169.254/16"/>
    <property name="java.runtime.version" value="1.8.0_202-b08"/>
    <property name="user.name" value="palashpatidar"/>
    <property name="path.separator" value=":"/>
    <property name="os.version" value="10.16"/>
    <property name="java.endorsed.dirs" value="/Library/Java/JavaVirtualMachines/jdk1.8.0_202.jdk/Contents/Home/jre/lib/endorsed"/>
    <property name="java.runtime.name" value="Java(TM) SE Runtime Environment"/>
    <property name="file.encoding" value="UTF-8"/>
    <property name="java.vm.name" value="Java HotSpot(TM) 64-Bit Server VM"/>
    <property name="localRepository" value="/Users/palashpatidar/.m2/repository"/>
    <property name="java.vendor.url.bug" value="http://bugreport.sun.com/bugreport/"/>
    <property name="java.io.tmpdir" value="/var/folders/2x/gqzyr53d0nx0cdf2bl35596w0000gn/T/"/>
    <property name="java.version" value="1.8.0_202"/>
    <property name="user.dir" value="/Users/palashpatidar/eclipse-workspace/Phase2Project"/>
    <property name="os.arch" value="x86_64"/>
    <property name="java.vm.specification.name" value="Java Virtual Machine Specification"/>
    <property name="java.awt.printerjob" value="sun.lwawt.macosx.CPrinterJob"/>
    <property name="sun.os.patch.level" value="unknown"/>
    <property name="java.library.path" value="/Users/palashpatidar/Library/Java/Extensions:/Library/Java/Extensions:/Network/Library/Java/Extensions:/System/Library/Java/Extensions:/usr/lib/java:."/>
    <property name="java.vm.info" value="mixed mode"/>
    <property name="java.vendor" value="Oracle Corporation"/>
    <property name="java.vm.version" value="25.202-b08"/>
    <property name="java.ext.dirs" value="/Users/palashpatidar/Library/Java/Extensions:/Library/Java/JavaVirtualMachines/jdk1.8.0_202.jdk/Contents/Home/jre/lib/ext:/Library/Java/Extensions:/Network/Library/Java/Extensions:/System/Library/Java/Extensions:/usr/lib/java"/>
    <property name="sun.io.unicode.encoding" value="UnicodeBig"/>
    <property name="java.class.version" value="52.0"/>
    <property name="socksNonProxyHosts" value="local|*.local|169.254/16|*.169.254/16"/>
  </properties>
  <testcase name="Add the product to Cart" classname="This feature will be used to test the Add to cart functionality" time="28.626">
    <system-out><![CDATA[
@AddToCart
Scenario: Add the product to Cart                                            # src/test/java/features/AddToCart.feature:11
  Given I have launched the application                                      # stepDefs.SwabLoginStepDefs.i_have_launched_the_application()
  When I enter username as "standard_user"                                   # stepDefs.SwabLoginStepDefs.i_enter_username_as(java.lang.String)
  And I enter password as "secret_sauce"                                     # stepDefs.SwabLoginStepDefs.i_enter_password_as(java.lang.String)
  And I click on Login button                                                # stepDefs.SwabLoginStepDefs.i_click_on_Login_button()
  Then I should land on home page "https://www.saucedemo.com/inventory.html" # stepDefs.SwabLoginStepDefs.i_should_land_on_home_page(java.lang.String)
  When I click on the Product name as "Sauce Labs Backpack"                  # stepDefs.AddToCartStepDefs.i_click_on_the_Product_name_as(java.lang.String)
  And I click on the Add to cart Button                                      # stepDefs.AddToCartStepDefs.i_click_on_the_Add_to_cart_Button()
  And I click on Shopping cart link                                          # stepDefs.AddToCartStepDefs.i_click_on_shopping_cart_link()
  Then I verify the item on cart page                                        # stepDefs.AddToCartStepDefs.i_verify_the_item_on_cart_page()
]]></system-out>
    <system-err><![CDATA[May 29, 2023 5:10:30 PM io.cucumber.junit.Cucumber <init>
WARNING: By default Cucumber is running in --non-strict mode.
This default will change to --strict and --non-strict will be removed.
You can use --strict or @CucumberOptions(strict = true) to suppress this warning
SLF4J: Failed to load class "org.slf4j.impl.StaticLoggerBinder".
SLF4J: Defaulting to no-operation (NOP) logger implementation
SLF4J: See http://www.slf4j.org/codes.html#StaticLoggerBinder for further details.
Starting ChromeDriver 113.0.5672.63 (0e1a4471d5ae5bf128b1bd8f4d627c8cbd55f70c-refs/branch-heads/5672@{#912}) on port 37586
Only local connections are allowed.
Please see https://chromedriver.chromium.org/security-considerations for suggestions on keeping ChromeDriver safe.
ChromeDriver was started successfully.
May 29, 2023 5:10:41 PM org.openqa.selenium.remote.ProtocolHandshake createSession
INFO: Detected dialect: W3C
]]></system-err>
  </testcase>
  <testcase name="Validate the Login success scenario using parameters" classname="This feature will be used to test the login functionality Swag Labs" time="12.519">
    <system-out><![CDATA[
@Login
Scenario: Validate the Login success scenario using parameters               # src/test/java/features/SwabLogin.feature:4
  Given I have launched the application                                      # stepDefs.SwabLoginStepDefs.i_have_launched_the_application()
  When I enter username as "standard_user"                                   # stepDefs.SwabLoginStepDefs.i_enter_username_as(java.lang.String)
  And I enter password as "secret_sauce"                                     # stepDefs.SwabLoginStepDefs.i_enter_password_as(java.lang.String)
  And I click on Login button                                                # stepDefs.SwabLoginStepDefs.i_click_on_Login_button()
  Then I should land on home page "https://www.saucedemo.com/inventory.html" # stepDefs.SwabLoginStepDefs.i_should_land_on_home_page(java.lang.String)
]]></system-out>
    <system-err><![CDATA[Starting ChromeDriver 113.0.5672.63 (0e1a4471d5ae5bf128b1bd8f4d627c8cbd55f70c-refs/branch-heads/5672@{#912}) on port 2724
Only local connections are allowed.
Please see https://chromedriver.chromium.org/security-considerations for suggestions on keeping ChromeDriver safe.
ChromeDriver was started successfully.
May 29, 2023 5:11:04 PM org.openqa.selenium.remote.ProtocolHandshake createSession
INFO: Detected dialect: W3C
]]></system-err>
  </testcase>
  <testcase name="Validate the Login failure scenario using examples" classname="This feature will be used to test the login functionality Swag Labs" time="10.873">
    <system-out><![CDATA[
@Login
Scenario Outline: Validate the Login failure scenario using examples                                                 # src/test/java/features/SwabLogin.feature:20
  Given I have launched the application                                                                              # stepDefs.SwabLoginStepDefs.i_have_launched_the_application()
  When I enter username as "pstandard_user"                                                                          # stepDefs.SwabLoginStepDefs.i_enter_username_as(java.lang.String)
  And I enter password as "12345"                                                                                    # stepDefs.SwabLoginStepDefs.i_enter_password_as(java.lang.String)
  And I click on Login button                                                                                        # stepDefs.SwabLoginStepDefs.i_click_on_Login_button()
  Then I should get the error message as "Epic sadface: Username and password do not match any user in this service" # stepDefs.SwabLoginStepDefs.i_should_get_the_error_message_as(java.lang.String)
]]></system-out>
    <system-err><![CDATA[Starting ChromeDriver 113.0.5672.63 (0e1a4471d5ae5bf128b1bd8f4d627c8cbd55f70c-refs/branch-heads/5672@{#912}) on port 9100
Only local connections are allowed.
Please see https://chromedriver.chromium.org/security-considerations for suggestions on keeping ChromeDriver safe.
ChromeDriver was started successfully.
May 29, 2023 5:11:17 PM org.openqa.selenium.remote.ProtocolHandshake createSession
INFO: Detected dialect: W3C
]]></system-err>
  </testcase>
  <testcase name="Validate the Login failure scenario using examples" classname="This feature will be used to test the login functionality Swag Labs" time="11.746">
    <system-out><![CDATA[
@Login
Scenario Outline: Validate the Login failure scenario using examples                           # src/test/java/features/SwabLogin.feature:21
  Given I have launched the application                                                        # stepDefs.SwabLoginStepDefs.i_have_launched_the_application()
  When I enter username as "locked_out_user"                                                   # stepDefs.SwabLoginStepDefs.i_enter_username_as(java.lang.String)
  And I enter password as "secret_sauce"                                                       # stepDefs.SwabLoginStepDefs.i_enter_password_as(java.lang.String)
  And I click on Login button                                                                  # stepDefs.SwabLoginStepDefs.i_click_on_Login_button()
  Then I should get the error message as "Epic sadface: Sorry, this user has been locked out." # stepDefs.SwabLoginStepDefs.i_should_get_the_error_message_as(java.lang.String)
]]></system-out>
    <system-err><![CDATA[Starting ChromeDriver 113.0.5672.63 (0e1a4471d5ae5bf128b1bd8f4d627c8cbd55f70c-refs/branch-heads/5672@{#912}) on port 6591
Only local connections are allowed.
Please see https://chromedriver.chromium.org/security-considerations for suggestions on keeping ChromeDriver safe.
ChromeDriver was started successfully.
May 29, 2023 5:11:27 PM org.openqa.selenium.remote.ProtocolHandshake createSession
INFO: Detected dialect: W3C
]]></system-err>
  </testcase>
</testsuite>